2021-12-27 22:41:27 ::INFO - register.py - the user with 123456789 has been logged in.
2021-12-27 22:43:10 ::INFO - register.py - java programming course has been successfully added to the courses.
NoneType: None
2021-12-27 22:50:18 ::INFO - register.py - the user with 956321008 has been logged in.
2021-12-27 22:55:52 ::INFO - register.py - the user with 956321008 has been logged in.
2021-12-27 23:16:44 ::INFO - register.py - the user with 123456789 has been logged in.
2021-12-27 23:17:33 ::INFO - register.py - maaref eslami course has been successfully added to the courses.
NoneType: None
2021-12-27 23:18:48 ::INFO - register.py - the user with 956321008 has been logged in.
2021-12-27 23:19:08 ::INFO - student.py - the student with 956321008 student code has took java programming course.
2021-12-27 23:27:08 ::INFO - register.py - the user with 946321008 password has been logged in.
2021-12-28 00:39:00 ::INFO - register.py - the user with 946321008 password became locked
2021-12-28 01:00:02 ::INFO - register.py - the user with 946321008 password has been logged in.
2021-12-28 01:13:21 ::INFO - register.py - the user with 956321008 password has been logged in.
2021-12-28 01:17:38 ::INFO - register.py - the user has became locked.
2021-12-28 12:25:54 ::INFO - register.py - Welcome !you have been successfully registered
2021-12-28 13:07:57 ::INFO - register.py - the user with 123456789 password has been logged in.
2021-12-28 13:56:20 ::INFO - register.py - the user with 123456789 password has been logged in.
2021-12-28 14:28:24 ::INFO - register.py - the user with 123456789 password has been logged in.
2021-12-28 14:38:39 ::INFO - register.py - the user with 123456789 password has been logged in.
